2024-11-16 11:39:41.639 [main] ERROR org.example.logic.Operations - java.util.concurrent.ExecutionException: UaException: status=Bad_Timeout, message=io.netty.channel.ConnectTimeoutException: connection timed out: /192.168.0.122:4840
2024-11-16 11:41:43.064 [main] ERROR org.example.logic.Operations - java.util.concurrent.ExecutionException: UaException: status=Bad_ConnectionRejected, message=io.netty.channel.AbstractChannel$AnnotatedConnectException: Connection refused: getsockopt: localhost/127.0.0.1:4840
2024-11-16 11:42:35.200 [main] ERROR org.example.logic.Operations - java.util.concurrent.ExecutionException: UaException: status=Bad_ConnectionRejected, message=io.netty.channel.AbstractChannel$AnnotatedConnectException: Connection refused: getsockopt: localhost/127.0.0.1:4840
2024-11-16 11:43:43.319 [main] ERROR org.example.logic.Operations - java.util.concurrent.ExecutionException: UaException: status=Bad_ConnectionRejected, message=io.netty.channel.AbstractChannel$AnnotatedConnectException: Connection refused: getsockopt: /127.0.0.1:4840
2024-11-16 11:46:50.714 [main] INFO  o.e.m.opcua.sdk.client.OpcUaClient - Java version: 21.0.2
2024-11-16 11:46:50.716 [main] INFO  o.e.m.opcua.sdk.client.OpcUaClient - Eclipse Milo OPC UA Stack version: 0.6.8
2024-11-16 11:46:50.718 [main] INFO  o.e.m.opcua.sdk.client.OpcUaClient - Eclipse Milo OPC UA Client SDK version: 0.6.8
2024-11-16 11:46:52.451 [milo-nonce-util-secure-random] INFO  o.e.m.o.stack.core.util.NonceUtil - SecureRandom seeded in 0ms.
2024-11-16 11:46:52.612 [main] INFO  org.example.logic.Operations - Beertype is  IPA
2024-11-16 11:46:52.650 [main] INFO  org.example.logic.Operations - Amount is  100.0
2024-11-16 11:46:52.674 [main] INFO  org.example.logic.Operations - Speed: 0.0
2024-11-16 11:46:52.724 [main] INFO  org.example.logic.Operations - Batch ID: 0.0
2024-11-16 11:46:52.751 [main] INFO  org.example.logic.Operations - In Reset
2024-11-16 11:46:52.764 [main] INFO  org.example.logic.Operations - State: STOPPED
2024-11-16 11:46:52.774 [main] INFO  org.example.logic.Operations - State: STOPPED
2024-11-16 11:46:52.782 [main] INFO  org.example.logic.Operations - State: RESETTING
2024-11-16 11:46:52.908 [main] INFO  org.example.logic.Operations - State: IDLE
2024-11-16 11:46:53.578 [milo-shared-thread-pool-2] INFO  org.example.logic.Operations - New value received for Current State: DataValue{value=Variant{value=2}, status=StatusCode{name=Good, value=0x00000000, quality=good}, sourceTime=DateTime{utcTime=133762276125480266, javaDate=Sat Nov 16 11:46:52 CET 2024}, serverTime=DateTime{utcTime=133762276125480266, javaDate=Sat Nov 16 11:46:52 CET 2024}}
2024-11-16 11:46:53.580 [milo-shared-thread-pool-2] INFO  org.example.logic.Operations - New value received for Produced Items: DataValue{value=Variant{value=0}, status=StatusCode{name=Good, value=0x00000000, quality=good}, sourceTime=DateTime{utcTime=133762276125664972, javaDate=Sat Nov 16 11:46:52 CET 2024}, serverTime=DateTime{utcTime=133762276125664972, javaDate=Sat Nov 16 11:46:52 CET 2024}}
2024-11-16 11:46:54.522 [milo-shared-thread-pool-1] INFO  org.example.logic.Operations - New value received for Current State: DataValue{value=Variant{value=4}, status=StatusCode{name=Good, value=0x00000000, quality=good}, sourceTime=DateTime{utcTime=133762276136095958, javaDate=Sat Nov 16 11:46:53 CET 2024}, serverTime=DateTime{utcTime=133762276136095958, javaDate=Sat Nov 16 11:46:53 CET 2024}}
2024-11-16 11:52:18.964 [main] INFO  o.e.m.opcua.sdk.client.OpcUaClient - Java version: 21.0.2
2024-11-16 11:52:18.969 [main] INFO  o.e.m.opcua.sdk.client.OpcUaClient - Eclipse Milo OPC UA Stack version: 0.6.8
2024-11-16 11:52:18.972 [main] INFO  o.e.m.opcua.sdk.client.OpcUaClient - Eclipse Milo OPC UA Client SDK version: 0.6.8
2024-11-16 11:52:22.701 [milo-nonce-util-secure-random] INFO  o.e.m.o.stack.core.util.NonceUtil - SecureRandom seeded in 0ms.
2024-11-16 11:52:22.960 [main] INFO  org.example.logic.Operations - Beertype is  IPA
2024-11-16 11:52:22.996 [main] INFO  org.example.logic.Operations - Amount is  100.0
2024-11-16 11:52:23.031 [main] INFO  org.example.logic.Operations - Speed: 0.0
2024-11-16 11:52:23.080 [main] INFO  org.example.logic.Operations - Batch ID: 0.0
2024-11-16 11:52:23.187 [main] INFO  org.example.logic.Operations - State: IDLE
2024-11-16 11:52:23.212 [main] INFO  org.example.logic.Operations - State: EXECUTE
2024-11-16 11:52:23.971 [milo-shared-thread-pool-2] INFO  org.example.logic.Operations - New value received for Current State: DataValue{value=Variant{value=4}, status=StatusCode{name=Good, value=0x00000000, quality=good}, sourceTime=DateTime{utcTime=133762279428640978, javaDate=Sat Nov 16 11:52:22 CET 2024}, serverTime=DateTime{utcTime=133762279428640978, javaDate=Sat Nov 16 11:52:22 CET 2024}}
2024-11-16 11:52:23.972 [milo-shared-thread-pool-2] INFO  org.example.logic.Operations - New value received for Produced Items: DataValue{value=Variant{value=0}, status=StatusCode{name=Good, value=0x00000000, quality=good}, sourceTime=DateTime{utcTime=133762279428841000, javaDate=Sat Nov 16 11:52:22 CET 2024}, serverTime=DateTime{utcTime=133762279428841000, javaDate=Sat Nov 16 11:52:22 CET 2024}}
2024-11-16 11:52:24.937 [milo-shared-thread-pool-1] INFO  org.example.logic.Operations - New value received for Current State: DataValue{value=Variant{value=6}, status=StatusCode{name=Good, value=0x00000000, quality=good}, sourceTime=DateTime{utcTime=133762279440362740, javaDate=Sat Nov 16 11:52:24 CET 2024}, serverTime=DateTime{utcTime=133762279440362740, javaDate=Sat Nov 16 11:52:24 CET 2024}}
2024-11-16 11:53:05.875 [milo-shared-thread-pool-3] INFO  org.example.logic.Operations - New value received for Produced Items: DataValue{value=Variant{value=1}, status=StatusCode{name=Good, value=0x00000000, quality=good}, sourceTime=DateTime{utcTime=133762279848635533, javaDate=Sat Nov 16 11:53:04 CET 2024}, serverTime=DateTime{utcTime=133762279848635533, javaDate=Sat Nov 16 11:53:04 CET 2024}}
2024-11-16 11:53:47.304 [milo-shared-thread-pool-1] INFO  org.example.logic.Operations - New value received for Produced Items: DataValue{value=Variant{value=2}, status=StatusCode{name=Good, value=0x00000000, quality=good}, sourceTime=DateTime{utcTime=133762280263051256, javaDate=Sat Nov 16 11:53:46 CET 2024}, serverTime=DateTime{utcTime=133762280263051256, javaDate=Sat Nov 16 11:53:46 CET 2024}}
2024-11-16 11:54:27.693 [milo-shared-thread-pool-1] INFO  org.example.logic.Operations - New value received for Produced Items: DataValue{value=Variant{value=3}, status=StatusCode{name=Good, value=0x00000000, quality=good}, sourceTime=DateTime{utcTime=133762280666915624, javaDate=Sat Nov 16 11:54:26 CET 2024}, serverTime=DateTime{utcTime=133762280666915624, javaDate=Sat Nov 16 11:54:26 CET 2024}}
2024-11-16 11:55:09.778 [milo-shared-thread-pool-3] INFO  org.example.logic.Operations - New value received for Produced Items: DataValue{value=Variant{value=4}, status=StatusCode{name=Good, value=0x00000000, quality=good}, sourceTime=DateTime{utcTime=133762281087392659, javaDate=Sat Nov 16 11:55:08 CET 2024}, serverTime=DateTime{utcTime=133762281087392659, javaDate=Sat Nov 16 11:55:08 CET 2024}}
2024-11-16 11:55:50.663 [milo-shared-thread-pool-3] INFO  org.example.logic.Operations - New value received for Produced Items: DataValue{value=Variant{value=5}, status=StatusCode{name=Good, value=0x00000000, quality=good}, sourceTime=DateTime{utcTime=133762281496667752, javaDate=Sat Nov 16 11:55:49 CET 2024}, serverTime=DateTime{utcTime=133762281496667752, javaDate=Sat Nov 16 11:55:49 CET 2024}}
2024-11-16 11:56:31.882 [milo-shared-thread-pool-5] INFO  org.example.logic.Operations - New value received for Produced Items: DataValue{value=Variant{value=6}, status=StatusCode{name=Good, value=0x00000000, quality=good}, sourceTime=DateTime{utcTime=133762281906915882, javaDate=Sat Nov 16 11:56:30 CET 2024}, serverTime=DateTime{utcTime=133762281906915882, javaDate=Sat Nov 16 11:56:30 CET 2024}}
2024-11-16 11:57:03.971 [main] INFO  o.e.m.opcua.sdk.client.OpcUaClient - Java version: 21.0.2
2024-11-16 11:57:03.977 [main] INFO  o.e.m.opcua.sdk.client.OpcUaClient - Eclipse Milo OPC UA Stack version: 0.6.8
2024-11-16 11:57:03.980 [main] INFO  o.e.m.opcua.sdk.client.OpcUaClient - Eclipse Milo OPC UA Client SDK version: 0.6.8
2024-11-16 11:57:07.650 [milo-nonce-util-secure-random] INFO  o.e.m.o.stack.core.util.NonceUtil - SecureRandom seeded in 0ms.
2024-11-16 11:57:07.865 [main] INFO  org.example.logic.Operations - Beertype is  IPA
2024-11-16 11:57:07.879 [main] INFO  org.example.logic.Operations - Amount is  100.0
2024-11-16 11:57:07.891 [main] INFO  org.example.logic.Operations - Speed: 0.0
2024-11-16 11:57:07.929 [main] INFO  org.example.logic.Operations - Batch ID: 0.0
2024-11-16 11:57:07.951 [main] INFO  org.example.logic.Operations - State: EXECUTE
2024-11-16 11:57:08.795 [milo-shared-thread-pool-0] INFO  org.example.logic.Operations - New value received for Current State: DataValue{value=Variant{value=6}, status=StatusCode{name=Good, value=0x00000000, quality=good}, sourceTime=DateTime{utcTime=133762282277937062, javaDate=Sat Nov 16 11:57:07 CET 2024}, serverTime=DateTime{utcTime=133762282277937062, javaDate=Sat Nov 16 11:57:07 CET 2024}}
2024-11-16 11:57:08.817 [milo-shared-thread-pool-1] INFO  org.example.logic.Operations - New value received for Produced Items: DataValue{value=Variant{value=6}, status=StatusCode{name=Good, value=0x00000000, quality=good}, sourceTime=DateTime{utcTime=133762282278147527, javaDate=Sat Nov 16 11:57:07 CET 2024}, serverTime=DateTime{utcTime=133762282278147527, javaDate=Sat Nov 16 11:57:07 CET 2024}}
2024-11-16 11:57:11.809 [milo-shared-thread-pool-0] INFO  org.example.logic.Operations - New value received for Produced Items: DataValue{value=Variant{value=7}, status=StatusCode{name=Good, value=0x00000000, quality=good}, sourceTime=DateTime{utcTime=133762282315052299, javaDate=Sat Nov 16 11:57:11 CET 2024}, serverTime=DateTime{utcTime=133762282315052299, javaDate=Sat Nov 16 11:57:11 CET 2024}}
2024-11-16 11:57:54.120 [milo-shared-thread-pool-3] INFO  org.example.logic.Operations - New value received for Produced Items: DataValue{value=Variant{value=8}, status=StatusCode{name=Good, value=0x00000000, quality=good}, sourceTime=DateTime{utcTime=133762282729883754, javaDate=Sat Nov 16 11:57:52 CET 2024}, serverTime=DateTime{utcTime=133762282729883754, javaDate=Sat Nov 16 11:57:52 CET 2024}}
2024-11-16 11:58:35.262 [milo-shared-thread-pool-0] INFO  org.example.logic.Operations - New value received for Produced Items: DataValue{value=Variant{value=9}, status=StatusCode{name=Good, value=0x00000000, quality=good}, sourceTime=DateTime{utcTime=133762283142247905, javaDate=Sat Nov 16 11:58:34 CET 2024}, serverTime=DateTime{utcTime=133762283142247905, javaDate=Sat Nov 16 11:58:34 CET 2024}}
2024-11-16 11:59:34.061 [main] INFO  o.e.m.opcua.sdk.client.OpcUaClient - Java version: 21.0.2
2024-11-16 11:59:34.063 [main] INFO  o.e.m.opcua.sdk.client.OpcUaClient - Eclipse Milo OPC UA Stack version: 0.6.8
2024-11-16 11:59:34.065 [main] INFO  o.e.m.opcua.sdk.client.OpcUaClient - Eclipse Milo OPC UA Client SDK version: 0.6.8
2024-11-16 11:59:35.815 [milo-nonce-util-secure-random] INFO  o.e.m.o.stack.core.util.NonceUtil - SecureRandom seeded in 0ms.
2024-11-16 11:59:36.061 [main] INFO  org.example.logic.Operations - Beertype is  IPA
2024-11-16 11:59:36.093 [main] INFO  org.example.logic.Operations - Amount is  100.0
2024-11-16 11:59:36.121 [main] INFO  org.example.logic.Operations - Speed: 0.0
2024-11-16 11:59:36.150 [main] INFO  org.example.logic.Operations - Batch ID: 0.0
2024-11-16 11:59:36.182 [main] INFO  org.example.logic.Operations - State: EXECUTE
2024-11-16 11:59:36.955 [milo-shared-thread-pool-1] INFO  org.example.logic.Operations - New value received for Current State: DataValue{value=Variant{value=6}, status=StatusCode{name=Good, value=0x00000000, quality=good}, sourceTime=DateTime{utcTime=133762283759772151, javaDate=Sat Nov 16 11:59:35 CET 2024}, serverTime=DateTime{utcTime=133762283759772151, javaDate=Sat Nov 16 11:59:35 CET 2024}}
2024-11-16 11:59:36.990 [milo-shared-thread-pool-0] INFO  org.example.logic.Operations - New value received for Produced Items: DataValue{value=Variant{value=10}, status=StatusCode{name=Good, value=0x00000000, quality=good}, sourceTime=DateTime{utcTime=133762283760052892, javaDate=Sat Nov 16 11:59:36 CET 2024}, serverTime=DateTime{utcTime=133762283760052892, javaDate=Sat Nov 16 11:59:36 CET 2024}}
2024-11-16 11:59:57.020 [milo-shared-thread-pool-2] INFO  org.example.logic.Operations - New value received for Produced Items: DataValue{value=Variant{value=11}, status=StatusCode{name=Good, value=0x00000000, quality=good}, sourceTime=DateTime{utcTime=133762283966650449, javaDate=Sat Nov 16 11:59:56 CET 2024}, serverTime=DateTime{utcTime=133762283966650449, javaDate=Sat Nov 16 11:59:56 CET 2024}}
2024-11-16 12:00:38.382 [milo-shared-thread-pool-3] INFO  org.example.logic.Operations - New value received for Produced Items: DataValue{value=Variant{value=12}, status=StatusCode{name=Good, value=0x00000000, quality=good}, sourceTime=DateTime{utcTime=133762284379887258, javaDate=Sat Nov 16 12:00:37 CET 2024}, serverTime=DateTime{utcTime=133762284379887258, javaDate=Sat Nov 16 12:00:37 CET 2024}}
2024-11-16 12:01:19.477 [milo-shared-thread-pool-3] INFO  org.example.logic.Operations - New value received for Produced Items: DataValue{value=Variant{value=13}, status=StatusCode{name=Good, value=0x00000000, quality=good}, sourceTime=DateTime{utcTime=133762284792231869, javaDate=Sat Nov 16 12:01:19 CET 2024}, serverTime=DateTime{utcTime=133762284792231869, javaDate=Sat Nov 16 12:01:19 CET 2024}}
2024-11-16 12:02:00.506 [milo-shared-thread-pool-3] INFO  org.example.logic.Operations - New value received for Produced Items: DataValue{value=Variant{value=14}, status=StatusCode{name=Good, value=0x00000000, quality=good}, sourceTime=DateTime{utcTime=133762285202384373, javaDate=Sat Nov 16 12:02:00 CET 2024}, serverTime=DateTime{utcTime=133762285202384373, javaDate=Sat Nov 16 12:02:00 CET 2024}}
2024-11-16 12:02:41.540 [milo-shared-thread-pool-3] INFO  org.example.logic.Operations - New value received for Produced Items: DataValue{value=Variant{value=15}, status=StatusCode{name=Good, value=0x00000000, quality=good}, sourceTime=DateTime{utcTime=133762285612740297, javaDate=Sat Nov 16 12:02:41 CET 2024}, serverTime=DateTime{utcTime=133762285612740297, javaDate=Sat Nov 16 12:02:41 CET 2024}}
2024-11-16 12:03:22.588 [milo-shared-thread-pool-2] INFO  org.example.logic.Operations - New value received for Produced Items: DataValue{value=Variant{value=16}, status=StatusCode{name=Good, value=0x00000000, quality=good}, sourceTime=DateTime{utcTime=133762286022851784, javaDate=Sat Nov 16 12:03:22 CET 2024}, serverTime=DateTime{utcTime=133762286022851784, javaDate=Sat Nov 16 12:03:22 CET 2024}}
2024-11-16 12:04:03.630 [milo-shared-thread-pool-3] INFO  org.example.logic.Operations - New value received for Produced Items: DataValue{value=Variant{value=17}, status=StatusCode{name=Good, value=0x00000000, quality=good}, sourceTime=DateTime{utcTime=133762286433788962, javaDate=Sat Nov 16 12:04:03 CET 2024}, serverTime=DateTime{utcTime=133762286433788962, javaDate=Sat Nov 16 12:04:03 CET 2024}}
2024-11-16 12:04:44.679 [milo-shared-thread-pool-2] INFO  org.example.logic.Operations - New value received for Produced Items: DataValue{value=Variant{value=18}, status=StatusCode{name=Good, value=0x00000000, quality=good}, sourceTime=DateTime{utcTime=133762286844110328, javaDate=Sat Nov 16 12:04:44 CET 2024}, serverTime=DateTime{utcTime=133762286844110328, javaDate=Sat Nov 16 12:04:44 CET 2024}}
2024-11-16 12:05:25.708 [milo-shared-thread-pool-3] INFO  org.example.logic.Operations - New value received for Produced Items: DataValue{value=Variant{value=19}, status=StatusCode{name=Good, value=0x00000000, quality=good}, sourceTime=DateTime{utcTime=133762287254543029, javaDate=Sat Nov 16 12:05:25 CET 2024}, serverTime=DateTime{utcTime=133762287254543029, javaDate=Sat Nov 16 12:05:25 CET 2024}}
2024-11-16 12:06:06.758 [milo-shared-thread-pool-4] INFO  org.example.logic.Operations - New value received for Produced Items: DataValue{value=Variant{value=20}, status=StatusCode{name=Good, value=0x00000000, quality=good}, sourceTime=DateTime{utcTime=133762287664735117, javaDate=Sat Nov 16 12:06:06 CET 2024}, serverTime=DateTime{utcTime=133762287664735117, javaDate=Sat Nov 16 12:06:06 CET 2024}}
2024-11-16 12:06:47.771 [milo-shared-thread-pool-3] INFO  org.example.logic.Operations - New value received for Produced Items: DataValue{value=Variant{value=21}, status=StatusCode{name=Good, value=0x00000000, quality=good}, sourceTime=DateTime{utcTime=133762288074727210, javaDate=Sat Nov 16 12:06:47 CET 2024}, serverTime=DateTime{utcTime=133762288074727210, javaDate=Sat Nov 16 12:06:47 CET 2024}}
2024-11-16 12:07:28.849 [milo-shared-thread-pool-4] INFO  org.example.logic.Operations - New value received for Produced Items: DataValue{value=Variant{value=22}, status=StatusCode{name=Good, value=0x00000000, quality=good}, sourceTime=DateTime{utcTime=133762288485820299, javaDate=Sat Nov 16 12:07:28 CET 2024}, serverTime=DateTime{utcTime=133762288485820299, javaDate=Sat Nov 16 12:07:28 CET 2024}}
2024-11-16 12:08:09.911 [milo-shared-thread-pool-2] INFO  org.example.logic.Operations - New value received for Produced Items: DataValue{value=Variant{value=23}, status=StatusCode{name=Good, value=0x00000000, quality=good}, sourceTime=DateTime{utcTime=133762288898947645, javaDate=Sat Nov 16 12:08:09 CET 2024}, serverTime=DateTime{utcTime=133762288898947645, javaDate=Sat Nov 16 12:08:09 CET 2024}}
2024-11-16 12:08:51.162 [milo-shared-thread-pool-4] INFO  org.example.logic.Operations - New value received for Produced Items: DataValue{value=Variant{value=24}, status=StatusCode{name=Good, value=0x00000000, quality=good}, sourceTime=DateTime{utcTime=133762289309101256, javaDate=Sat Nov 16 12:08:50 CET 2024}, serverTime=DateTime{utcTime=133762289309101256, javaDate=Sat Nov 16 12:08:50 CET 2024}}
2024-11-16 12:09:02.459 [milo-shared-thread-pool-3] WARN  o.e.m.o.s.c.t.u.UascClientMessageHandler - No pending request with requestId=426464 for ReadResponse
2024-11-16 12:09:33.512 [milo-shared-thread-pool-3] INFO  org.example.logic.Operations - New value received for Produced Items: DataValue{value=Variant{value=25}, status=StatusCode{name=Good, value=0x00000000, quality=good}, sourceTime=DateTime{utcTime=133762289725043816, javaDate=Sat Nov 16 12:09:32 CET 2024}, serverTime=DateTime{utcTime=133762289725043816, javaDate=Sat Nov 16 12:09:32 CET 2024}}
2024-11-16 12:10:14.568 [milo-shared-thread-pool-3] INFO  org.example.logic.Operations - New value received for Produced Items: DataValue{value=Variant{value=26}, status=StatusCode{name=Good, value=0x00000000, quality=good}, sourceTime=DateTime{utcTime=133762290135667439, javaDate=Sat Nov 16 12:10:13 CET 2024}, serverTime=DateTime{utcTime=133762290135667439, javaDate=Sat Nov 16 12:10:13 CET 2024}}
2024-11-16 12:10:55.590 [milo-shared-thread-pool-5] INFO  org.example.logic.Operations - New value received for Produced Items: DataValue{value=Variant{value=27}, status=StatusCode{name=Good, value=0x00000000, quality=good}, sourceTime=DateTime{utcTime=133762290545955743, javaDate=Sat Nov 16 12:10:54 CET 2024}, serverTime=DateTime{utcTime=133762290545955743, javaDate=Sat Nov 16 12:10:54 CET 2024}}
2024-11-16 12:11:36.672 [milo-shared-thread-pool-3] INFO  org.example.logic.Operations - New value received for Produced Items: DataValue{value=Variant{value=28}, status=StatusCode{name=Good, value=0x00000000, quality=good}, sourceTime=DateTime{utcTime=133762290956675422, javaDate=Sat Nov 16 12:11:35 CET 2024}, serverTime=DateTime{utcTime=133762290956675422, javaDate=Sat Nov 16 12:11:35 CET 2024}}
2024-11-16 12:12:17.724 [milo-shared-thread-pool-6] INFO  org.example.logic.Operations - New value received for Produced Items: DataValue{value=Variant{value=29}, status=StatusCode{name=Good, value=0x00000000, quality=good}, sourceTime=DateTime{utcTime=133762291367112946, javaDate=Sat Nov 16 12:12:16 CET 2024}, serverTime=DateTime{utcTime=133762291367112946, javaDate=Sat Nov 16 12:12:16 CET 2024}}
2024-11-16 12:12:58.843 [milo-shared-thread-pool-3] INFO  org.example.logic.Operations - New value received for Produced Items: DataValue{value=Variant{value=30}, status=StatusCode{name=Good, value=0x00000000, quality=good}, sourceTime=DateTime{utcTime=133762291778319616, javaDate=Sat Nov 16 12:12:57 CET 2024}, serverTime=DateTime{utcTime=133762291778319616, javaDate=Sat Nov 16 12:12:57 CET 2024}}
2024-11-16 12:13:39.982 [milo-shared-thread-pool-3] INFO  org.example.logic.Operations - New value received for Produced Items: DataValue{value=Variant{value=31}, status=StatusCode{name=Good, value=0x00000000, quality=good}, sourceTime=DateTime{utcTime=133762292189866128, javaDate=Sat Nov 16 12:13:38 CET 2024}, serverTime=DateTime{utcTime=133762292189866128, javaDate=Sat Nov 16 12:13:38 CET 2024}}
2024-11-16 12:14:21.051 [milo-shared-thread-pool-3] INFO  org.example.logic.Operations - New value received for Produced Items: DataValue{value=Variant{value=32}, status=StatusCode{name=Good, value=0x00000000, quality=good}, sourceTime=DateTime{utcTime=133762292600517263, javaDate=Sat Nov 16 12:14:20 CET 2024}, serverTime=DateTime{utcTime=133762292600517263, javaDate=Sat Nov 16 12:14:20 CET 2024}}
2024-11-16 12:15:02.154 [milo-shared-thread-pool-8] INFO  org.example.logic.Operations - New value received for Produced Items: DataValue{value=Variant{value=33}, status=StatusCode{name=Good, value=0x00000000, quality=good}, sourceTime=DateTime{utcTime=133762293011449421, javaDate=Sat Nov 16 12:15:01 CET 2024}, serverTime=DateTime{utcTime=133762293011449421, javaDate=Sat Nov 16 12:15:01 CET 2024}}
2024-11-16 12:15:43.192 [milo-shared-thread-pool-7] INFO  org.example.logic.Operations - New value received for Produced Items: DataValue{value=Variant{value=34}, status=StatusCode{name=Good, value=0x00000000, quality=good}, sourceTime=DateTime{utcTime=133762293422250237, javaDate=Sat Nov 16 12:15:42 CET 2024}, serverTime=DateTime{utcTime=133762293422250237, javaDate=Sat Nov 16 12:15:42 CET 2024}}
2024-11-16 12:16:25.208 [milo-shared-thread-pool-3] INFO  org.example.logic.Operations - New value received for Produced Items: DataValue{value=Variant{value=35}, status=StatusCode{name=Good, value=0x00000000, quality=good}, sourceTime=DateTime{utcTime=133762293843037924, javaDate=Sat Nov 16 12:16:24 CET 2024}, serverTime=DateTime{utcTime=133762293843037924, javaDate=Sat Nov 16 12:16:24 CET 2024}}
2024-11-16 12:17:06.223 [milo-shared-thread-pool-3] INFO  org.example.logic.Operations - New value received for Produced Items: DataValue{value=Variant{value=36}, status=StatusCode{name=Good, value=0x00000000, quality=good}, sourceTime=DateTime{utcTime=133762294253562029, javaDate=Sat Nov 16 12:17:05 CET 2024}, serverTime=DateTime{utcTime=133762294253562029, javaDate=Sat Nov 16 12:17:05 CET 2024}}
2024-11-16 12:17:47.310 [milo-shared-thread-pool-6] INFO  org.example.logic.Operations - New value received for Produced Items: DataValue{value=Variant{value=37}, status=StatusCode{name=Good, value=0x00000000, quality=good}, sourceTime=DateTime{utcTime=133762294664260125, javaDate=Sat Nov 16 12:17:46 CET 2024}, serverTime=DateTime{utcTime=133762294664260125, javaDate=Sat Nov 16 12:17:46 CET 2024}}
2024-11-16 12:18:28.334 [milo-shared-thread-pool-8] INFO  org.example.logic.Operations - New value received for Produced Items: DataValue{value=Variant{value=38}, status=StatusCode{name=Good, value=0x00000000, quality=good}, sourceTime=DateTime{utcTime=133762295075663978, javaDate=Sat Nov 16 12:18:27 CET 2024}, serverTime=DateTime{utcTime=133762295075663978, javaDate=Sat Nov 16 12:18:27 CET 2024}}
2024-11-16 12:19:09.408 [milo-shared-thread-pool-3] INFO  org.example.logic.Operations - New value received for Produced Items: DataValue{value=Variant{value=39}, status=StatusCode{name=Good, value=0x00000000, quality=good}, sourceTime=DateTime{utcTime=133762295486575999, javaDate=Sat Nov 16 12:19:08 CET 2024}, serverTime=DateTime{utcTime=133762295486575999, javaDate=Sat Nov 16 12:19:08 CET 2024}}
2024-11-16 12:20:03.364 [milo-shared-thread-pool-8] WARN  o.e.milo.opcua.sdk.client.SessionFsm - [2] Keep Alive failureCount=2 exceeds failuresAllowed=1
2024-11-16 12:20:04.409 [milo-shared-thread-pool-8] WARN  o.e.m.o.s.c.t.u.UascClientMessageHandler - No pending request with requestId=1193510 for ReadResponse
2024-11-16 12:20:04.414 [milo-shared-thread-pool-8] WARN  o.e.m.o.s.c.t.u.UascClientMessageHandler - No pending request with requestId=1193511 for ReadResponse
2024-11-16 12:20:04.537 [milo-shared-thread-pool-3] INFO  org.example.logic.Operations - New value received for Produced Items: DataValue{value=Variant{value=40}, status=StatusCode{name=Good, value=0x00000000, quality=good}, sourceTime=DateTime{utcTime=133762296043843655, javaDate=Sat Nov 16 12:20:04 CET 2024}, serverTime=DateTime{utcTime=133762296043843655, javaDate=Sat Nov 16 12:20:04 CET 2024}}
2024-11-16 13:00:57.242 [main] INFO  org.example.logic.Operations - State: COMPLETING
2024-11-16 13:00:57.318 [main] INFO  org.example.logic.Operations - State: COMPLETE
2024-11-16 13:00:57.324 [main] INFO  org.example.logic.Operations - Beers produced: : 100
2024-11-16 13:00:57.333 [milo-shared-thread-pool-9] WARN  o.e.m.o.s.core.util.ExecutionQueue - Uncaught Throwable during execution.
java.lang.NullPointerException: Cannot invoke "org.eclipse.milo.opcua.stack.core.serialization.UaEnumeration.getValue()" because "value" is null
	at org.eclipse.milo.opcua.stack.core.serialization.OpcUaBinaryStreamEncoder.writeEnum(OpcUaBinaryStreamEncoder.java:923)
	at org.eclipse.milo.opcua.stack.core.types.structured.ReadRequest$Codec.encode(ReadRequest.java:104)
	at org.eclipse.milo.opcua.stack.core.types.structured.ReadRequest$Codec.encode(ReadRequest.java:85)
	at org.eclipse.milo.opcua.stack.core.serialization.codecs.GenericDataTypeCodec$GenericBinaryDataTypeCodec.encode(GenericDataTypeCodec.java:54)
	at org.eclipse.milo.opcua.stack.core.serialization.OpcUaBinaryStreamEncoder.writeMessage(OpcUaBinaryStreamEncoder.java:918)
	at org.eclipse.milo.opcua.stack.client.transport.uasc.UascClientMessageHandler.lambda$encode$9(UascClientMessageHandler.java:334)
	at org.eclipse.milo.opcua.stack.core.channel.SerializationQueue.lambda$encode$0(SerializationQueue.java:52)
	at org.eclipse.milo.opcua.stack.core.util.ExecutionQueue$Task.run(ExecutionQueue.java:119)
	at java.base/java.util.concurrent.ThreadPoolExecutor.runWorker(ThreadPoolExecutor.java:1144)
	at java.base/java.util.concurrent.ThreadPoolExecutor$Worker.run(ThreadPoolExecutor.java:642)
	at java.base/java.lang.Thread.run(Thread.java:1583)
2024-11-16 13:01:57.345 [main] ERROR org.example.logic.Operations - java.util.concurrent.ExecutionException: UaException: status=Bad_Timeout, message=requestId=4197849 timed out after 60000ms
2024-11-16 14:15:44.558 [main] INFO  o.e.m.opcua.sdk.client.OpcUaClient - Java version: 21.0.2
2024-11-16 14:15:44.613 [main] INFO  o.e.m.opcua.sdk.client.OpcUaClient - Eclipse Milo OPC UA Stack version: 0.6.14
2024-11-16 14:15:44.617 [main] INFO  o.e.m.opcua.sdk.client.OpcUaClient - Eclipse Milo OPC UA Client SDK version: 0.6.14
2024-11-16 14:15:46.387 [milo-nonce-util-secure-random] INFO  o.e.m.o.stack.core.util.NonceUtil - SecureRandom seeded in 0ms.
2024-11-16 14:15:46.597 [main] INFO  org.example.logic.Operations - Beertype is  IPA
2024-11-16 14:15:46.618 [main] INFO  org.example.logic.Operations - Amount is  100.0
2024-11-16 14:15:46.626 [main] INFO  org.example.logic.Operations - Speed: 0.0
2024-11-16 14:15:46.634 [main] INFO  org.example.logic.Operations - Batch ID: 0.0
2024-11-16 14:15:46.653 [main] INFO  org.example.logic.Operations - In Reset
2024-11-16 14:15:46.658 [main] INFO  org.example.logic.Operations - State: STOPPED
2024-11-16 14:15:46.661 [main] INFO  org.example.logic.Operations - State: STOPPED
2024-11-16 14:15:47.506 [milo-shared-thread-pool-0] INFO  org.example.logic.Operations - New value received for Current State: DataValue{value=Variant{value=2}, status=StatusCode{name=Good, value=0x00000000, quality=good}, sourceTime=DateTime{utcTime=133762365465147982, javaDate=Sat Nov 16 14:15:46 CET 2024}, serverTime=DateTime{utcTime=133762365465147982, javaDate=Sat Nov 16 14:15:46 CET 2024}}
2024-11-16 14:15:47.508 [milo-shared-thread-pool-2] INFO  org.example.logic.Operations - New value received for Produced Items: DataValue{value=Variant{value=0}, status=StatusCode{name=Good, value=0x00000000, quality=good}, sourceTime=DateTime{utcTime=133762365465247951, javaDate=Sat Nov 16 14:15:46 CET 2024}, serverTime=DateTime{utcTime=133762365465247951, javaDate=Sat Nov 16 14:15:46 CET 2024}}
2024-11-16 14:16:23.609 [milo-shared-thread-pool-0] WARN  o.e.m.o.s.c.t.u.UascClientMessageHandler - No pending request with requestId=20324 for ReadResponse
2024-11-16 14:16:36.578 [milo-shared-thread-pool-1] WARN  o.e.milo.opcua.sdk.client.SessionFsm - [2] Keep Alive failureCount=2 exceeds failuresAllowed=1
2024-11-16 14:16:36.583 [milo-shared-thread-pool-3] WARN  o.e.milo.opcua.sdk.client.SessionFsm - [2] Keep Alive failureCount=3 exceeds failuresAllowed=1
2024-11-16 14:16:36.585 [main] ERROR org.example.logic.Operations - UaException: status=Bad_ConnectionClosed, message=connection closed
2024-11-16 14:17:28.667 [main] INFO  o.e.m.opcua.sdk.client.OpcUaClient - Java version: 21.0.2
2024-11-16 14:17:28.690 [main] INFO  o.e.m.opcua.sdk.client.OpcUaClient - Eclipse Milo OPC UA Stack version: 0.6.14
2024-11-16 14:17:28.693 [main] INFO  o.e.m.opcua.sdk.client.OpcUaClient - Eclipse Milo OPC UA Client SDK version: 0.6.14
2024-11-16 14:17:30.606 [milo-nonce-util-secure-random] INFO  o.e.m.o.stack.core.util.NonceUtil - SecureRandom seeded in 0ms.
2024-11-16 14:17:30.760 [main] INFO  org.example.logic.Operations - Beertype is  IPA
2024-11-16 14:17:30.784 [main] INFO  org.example.logic.Operations - Amount is  100.0
2024-11-16 14:17:30.810 [main] INFO  org.example.logic.Operations - Speed: 0.0
2024-11-16 14:17:30.840 [main] INFO  org.example.logic.Operations - Batch ID: 0.0
2024-11-16 14:17:30.851 [main] INFO  org.example.logic.Operations - In Reset
2024-11-16 14:17:30.857 [main] INFO  org.example.logic.Operations - State: STOPPED
2024-11-16 14:17:30.861 [main] INFO  org.example.logic.Operations - State: STOPPED
2024-11-16 14:17:31.700 [milo-shared-thread-pool-1] INFO  org.example.logic.Operations - New value received for Current State: DataValue{value=Variant{value=2}, status=StatusCode{name=Good, value=0x00000000, quality=good}, sourceTime=DateTime{utcTime=133762366507087684, javaDate=Sat Nov 16 14:17:30 CET 2024}, serverTime=DateTime{utcTime=133762366507087684, javaDate=Sat Nov 16 14:17:30 CET 2024}}
2024-11-16 14:17:31.731 [milo-shared-thread-pool-3] INFO  org.example.logic.Operations - New value received for Produced Items: DataValue{value=Variant{value=0}, status=StatusCode{name=Good, value=0x00000000, quality=good}, sourceTime=DateTime{utcTime=133762366507290006, javaDate=Sat Nov 16 14:17:30 CET 2024}, serverTime=DateTime{utcTime=133762366507290006, javaDate=Sat Nov 16 14:17:30 CET 2024}}
2024-11-16 14:18:12.036 [main] INFO  org.example.logic.Operations - State: RESETTING
2024-11-16 14:18:12.177 [main] INFO  org.example.logic.Operations - State: IDLE
2024-11-16 14:18:13.427 [milo-shared-thread-pool-2] INFO  org.example.logic.Operations - New value received for Current State: DataValue{value=Variant{value=4}, status=StatusCode{name=Good, value=0x00000000, quality=good}, sourceTime=DateTime{utcTime=133762366925666655, javaDate=Sat Nov 16 14:18:12 CET 2024}, serverTime=DateTime{utcTime=133762366925666655, javaDate=Sat Nov 16 14:18:12 CET 2024}}
2024-11-16 14:28:41.365 [milo-shared-thread-pool-1] WARN  o.e.m.o.s.c.t.u.UascClientMessageHandler - No pending request with requestId=633135 for ReadResponse
2024-11-16 14:44:02.854 [main] INFO  o.e.m.opcua.sdk.client.OpcUaClient - Java version: 21.0.2
2024-11-16 14:44:02.867 [main] INFO  o.e.m.opcua.sdk.client.OpcUaClient - Eclipse Milo OPC UA Stack version: 0.6.14
2024-11-16 14:44:02.869 [main] INFO  o.e.m.opcua.sdk.client.OpcUaClient - Eclipse Milo OPC UA Client SDK version: 0.6.14
2024-11-16 14:44:04.556 [milo-nonce-util-secure-random] INFO  o.e.m.o.stack.core.util.NonceUtil - SecureRandom seeded in 0ms.
2024-11-16 14:44:04.678 [main] INFO  org.example.logic.Operations - Beertype is  IPA
2024-11-16 14:44:04.714 [main] INFO  org.example.logic.Operations - Amount is  100.0
2024-11-16 14:44:04.731 [main] INFO  org.example.logic.Operations - Speed: 0.0
2024-11-16 14:44:04.772 [main] INFO  org.example.logic.Operations - Batch ID: 0.0
2024-11-16 14:44:04.787 [main] INFO  org.example.logic.Operations - State: EXECUTE
2024-11-16 14:44:05.626 [milo-shared-thread-pool-2] INFO  org.example.logic.Operations - New value received for Current State: DataValue{value=Variant{value=6}, status=StatusCode{name=Good, value=0x00000000, quality=good}, sourceTime=DateTime{utcTime=133762382446444145, javaDate=Sat Nov 16 14:44:04 CET 2024}, serverTime=DateTime{utcTime=133762382446444145, javaDate=Sat Nov 16 14:44:04 CET 2024}}
2024-11-16 14:44:05.646 [milo-shared-thread-pool-2] INFO  org.example.logic.Operations - New value received for Produced Items: DataValue{value=Variant{value=15}, status=StatusCode{name=Good, value=0x00000000, quality=good}, sourceTime=DateTime{utcTime=133762382446514948, javaDate=Sat Nov 16 14:44:04 CET 2024}, serverTime=DateTime{utcTime=133762382446514948, javaDate=Sat Nov 16 14:44:04 CET 2024}}
2024-11-16 14:44:07.648 [milo-shared-thread-pool-1] INFO  org.example.logic.Operations - New value received for Produced Items: DataValue{value=Variant{value=16}, status=StatusCode{name=Good, value=0x00000000, quality=good}, sourceTime=DateTime{utcTime=133762382475703078, javaDate=Sat Nov 16 14:44:07 CET 2024}, serverTime=DateTime{utcTime=133762382475703078, javaDate=Sat Nov 16 14:44:07 CET 2024}}
2024-11-16 14:44:49.092 [milo-shared-thread-pool-3] INFO  org.example.logic.Operations - New value received for Produced Items: DataValue{value=Variant{value=17}, status=StatusCode{name=Good, value=0x00000000, quality=good}, sourceTime=DateTime{utcTime=133762382878478975, javaDate=Sat Nov 16 14:44:47 CET 2024}, serverTime=DateTime{utcTime=133762382878478975, javaDate=Sat Nov 16 14:44:47 CET 2024}}
2024-11-16 14:45:30.010 [milo-shared-thread-pool-3] INFO  org.example.logic.Operations - New value received for Produced Items: DataValue{value=Variant{value=18}, status=StatusCode{name=Good, value=0x00000000, quality=good}, sourceTime=DateTime{utcTime=133762383290142005, javaDate=Sat Nov 16 14:45:29 CET 2024}, serverTime=DateTime{utcTime=133762383290142005, javaDate=Sat Nov 16 14:45:29 CET 2024}}
2024-11-16 14:46:11.092 [milo-shared-thread-pool-2] INFO  org.example.logic.Operations - New value received for Produced Items: DataValue{value=Variant{value=19}, status=StatusCode{name=Good, value=0x00000000, quality=good}, sourceTime=DateTime{utcTime=133762383700824715, javaDate=Sat Nov 16 14:46:10 CET 2024}, serverTime=DateTime{utcTime=133762383700824715, javaDate=Sat Nov 16 14:46:10 CET 2024}}
2024-11-16 14:46:52.598 [milo-shared-thread-pool-4] INFO  org.example.logic.Operations - New value received for Produced Items: DataValue{value=Variant{value=20}, status=StatusCode{name=Good, value=0x00000000, quality=good}, sourceTime=DateTime{utcTime=133762384116568540, javaDate=Sat Nov 16 14:46:51 CET 2024}, serverTime=DateTime{utcTime=133762384116568540, javaDate=Sat Nov 16 14:46:51 CET 2024}}
2024-11-16 14:47:33.693 [milo-shared-thread-pool-4] INFO  org.example.logic.Operations - New value received for Produced Items: DataValue{value=Variant{value=21}, status=StatusCode{name=Good, value=0x00000000, quality=good}, sourceTime=DateTime{utcTime=133762384527338920, javaDate=Sat Nov 16 14:47:32 CET 2024}, serverTime=DateTime{utcTime=133762384527338920, javaDate=Sat Nov 16 14:47:32 CET 2024}}
2024-11-16 14:48:14.707 [milo-shared-thread-pool-2] INFO  org.example.logic.Operations - New value received for Produced Items: DataValue{value=Variant{value=22}, status=StatusCode{name=Good, value=0x00000000, quality=good}, sourceTime=DateTime{utcTime=133762384937253209, javaDate=Sat Nov 16 14:48:13 CET 2024}, serverTime=DateTime{utcTime=133762384937253209, javaDate=Sat Nov 16 14:48:13 CET 2024}}
2024-11-16 14:48:55.754 [milo-shared-thread-pool-5] INFO  org.example.logic.Operations - New value received for Produced Items: DataValue{value=Variant{value=23}, status=StatusCode{name=Good, value=0x00000000, quality=good}, sourceTime=DateTime{utcTime=133762385348532382, javaDate=Sat Nov 16 14:48:54 CET 2024}, serverTime=DateTime{utcTime=133762385348532382, javaDate=Sat Nov 16 14:48:54 CET 2024}}
2024-11-16 14:49:36.817 [milo-shared-thread-pool-2] INFO  org.example.logic.Operations - New value received for Produced Items: DataValue{value=Variant{value=24}, status=StatusCode{name=Good, value=0x00000000, quality=good}, sourceTime=DateTime{utcTime=133762385759615519, javaDate=Sat Nov 16 14:49:35 CET 2024}, serverTime=DateTime{utcTime=133762385759615519, javaDate=Sat Nov 16 14:49:35 CET 2024}}
2024-11-16 14:50:18.033 [milo-shared-thread-pool-5] INFO  org.example.logic.Operations - New value received for Produced Items: DataValue{value=Variant{value=25}, status=StatusCode{name=Good, value=0x00000000, quality=good}, sourceTime=DateTime{utcTime=133762386170295579, javaDate=Sat Nov 16 14:50:17 CET 2024}, serverTime=DateTime{utcTime=133762386170295579, javaDate=Sat Nov 16 14:50:17 CET 2024}}
2024-11-16 14:50:42.234 [milo-shared-thread-pool-3] WARN  o.e.m.o.s.c.t.u.UascClientMessageHandler - No pending request with requestId=350139 for ReadResponse
2024-11-16 14:50:59.276 [milo-shared-thread-pool-6] INFO  org.example.logic.Operations - New value received for Produced Items: DataValue{value=Variant{value=26}, status=StatusCode{name=Good, value=0x00000000, quality=good}, sourceTime=DateTime{utcTime=133762386582703022, javaDate=Sat Nov 16 14:50:58 CET 2024}, serverTime=DateTime{utcTime=133762386582703022, javaDate=Sat Nov 16 14:50:58 CET 2024}}
2024-11-16 14:51:40.341 [milo-shared-thread-pool-2] INFO  org.example.logic.Operations - New value received for Produced Items: DataValue{value=Variant{value=27}, status=StatusCode{name=Good, value=0x00000000, quality=good}, sourceTime=DateTime{utcTime=133762386993325019, javaDate=Sat Nov 16 14:51:39 CET 2024}, serverTime=DateTime{utcTime=133762386993325019, javaDate=Sat Nov 16 14:51:39 CET 2024}}
2024-11-16 14:52:21.742 [milo-shared-thread-pool-5] INFO  org.example.logic.Operations - New value received for Produced Items: DataValue{value=Variant{value=28}, status=StatusCode{name=Good, value=0x00000000, quality=good}, sourceTime=DateTime{utcTime=133762387407230341, javaDate=Sat Nov 16 14:52:20 CET 2024}, serverTime=DateTime{utcTime=133762387407230341, javaDate=Sat Nov 16 14:52:20 CET 2024}}
2024-11-16 14:53:02.792 [milo-shared-thread-pool-7] INFO  org.example.logic.Operations - New value received for Produced Items: DataValue{value=Variant{value=29}, status=StatusCode{name=Good, value=0x00000000, quality=good}, sourceTime=DateTime{utcTime=133762387817825431, javaDate=Sat Nov 16 14:53:01 CET 2024}, serverTime=DateTime{utcTime=133762387817825431, javaDate=Sat Nov 16 14:53:01 CET 2024}}
2024-11-16 14:53:43.882 [milo-shared-thread-pool-3] INFO  org.example.logic.Operations - New value received for Produced Items: DataValue{value=Variant{value=30}, status=StatusCode{name=Good, value=0x00000000, quality=good}, sourceTime=DateTime{utcTime=133762388228789589, javaDate=Sat Nov 16 14:53:42 CET 2024}, serverTime=DateTime{utcTime=133762388228789589, javaDate=Sat Nov 16 14:53:42 CET 2024}}
2024-11-16 14:54:24.944 [milo-shared-thread-pool-7] INFO  org.example.logic.Operations - New value received for Produced Items: DataValue{value=Variant{value=31}, status=StatusCode{name=Good, value=0x00000000, quality=good}, sourceTime=DateTime{utcTime=133762388639369601, javaDate=Sat Nov 16 14:54:23 CET 2024}, serverTime=DateTime{utcTime=133762388639369601, javaDate=Sat Nov 16 14:54:23 CET 2024}}
2024-11-16 14:55:06.002 [milo-shared-thread-pool-7] INFO  org.example.logic.Operations - New value received for Produced Items: DataValue{value=Variant{value=32}, status=StatusCode{name=Good, value=0x00000000, quality=good}, sourceTime=DateTime{utcTime=133762389049886796, javaDate=Sat Nov 16 14:55:04 CET 2024}, serverTime=DateTime{utcTime=133762389049886796, javaDate=Sat Nov 16 14:55:04 CET 2024}}
2024-11-16 14:55:48.181 [milo-shared-thread-pool-7] INFO  org.example.logic.Operations - New value received for Produced Items: DataValue{value=Variant{value=33}, status=StatusCode{name=Good, value=0x00000000, quality=good}, sourceTime=DateTime{utcTime=133762389471731510, javaDate=Sat Nov 16 14:55:47 CET 2024}, serverTime=DateTime{utcTime=133762389471731510, javaDate=Sat Nov 16 14:55:47 CET 2024}}
2024-11-16 15:51:14.318 [main] INFO  o.e.m.opcua.sdk.client.OpcUaClient - Java version: 21.0.2
2024-11-16 15:51:14.331 [main] INFO  o.e.m.opcua.sdk.client.OpcUaClient - Eclipse Milo OPC UA Stack version: 0.6.14
2024-11-16 15:51:14.332 [main] INFO  o.e.m.opcua.sdk.client.OpcUaClient - Eclipse Milo OPC UA Client SDK version: 0.6.14
2024-11-16 15:51:15.736 [milo-nonce-util-secure-random] INFO  o.e.m.o.stack.core.util.NonceUtil - SecureRandom seeded in 0ms.
2024-11-16 15:51:15.903 [main] INFO  org.example.logic.Operations - Beertype is  IPA
2024-11-16 15:51:15.908 [main] INFO  org.example.logic.Operations - Amount is  100.0
2024-11-16 15:51:15.912 [main] INFO  org.example.logic.Operations - Speed: 0.0
2024-11-16 15:51:15.915 [main] INFO  org.example.logic.Operations - Batch ID: 0.0
2024-11-16 15:51:15.919 [main] INFO  org.example.logic.Operations - State: EXECUTE
2024-11-16 15:51:16.908 [milo-shared-thread-pool-2] INFO  org.example.logic.Operations - New value received for Current State: DataValue{value=Variant{value=6}, status=StatusCode{name=Good, value=0x00000000, quality=good}, sourceTime=DateTime{utcTime=133762422758898706, javaDate=Sat Nov 16 15:51:15 CET 2024}, serverTime=DateTime{utcTime=133762422758898706, javaDate=Sat Nov 16 15:51:15 CET 2024}}
2024-11-16 15:51:16.912 [milo-shared-thread-pool-2] INFO  org.example.logic.Operations - New value received for Produced Items: DataValue{value=Variant{value=6}, status=StatusCode{name=Good, value=0x00000000, quality=good}, sourceTime=DateTime{utcTime=133762422758939553, javaDate=Sat Nov 16 15:51:15 CET 2024}, serverTime=DateTime{utcTime=133762422758939553, javaDate=Sat Nov 16 15:51:15 CET 2024}}
2024-11-16 16:02:46.976 [main] INFO  o.e.m.opcua.sdk.client.OpcUaClient - Java version: 21.0.2
2024-11-16 16:02:46.990 [main] INFO  o.e.m.opcua.sdk.client.OpcUaClient - Eclipse Milo OPC UA Stack version: 0.6.14
2024-11-16 16:02:46.991 [main] INFO  o.e.m.opcua.sdk.client.OpcUaClient - Eclipse Milo OPC UA Client SDK version: 0.6.14
2024-11-16 16:02:48.164 [milo-nonce-util-secure-random] INFO  o.e.m.o.stack.core.util.NonceUtil - SecureRandom seeded in 0ms.
2024-11-16 16:02:48.243 [main] INFO  org.example.logic.Operations - Beertype is  IPA
2024-11-16 16:02:48.248 [main] INFO  org.example.logic.Operations - Amount is  100.0
2024-11-16 16:02:48.255 [main] INFO  org.example.logic.Operations - Speed: 0.0
2024-11-16 16:02:48.261 [main] INFO  org.example.logic.Operations - Batch ID: 0.0
2024-11-16 16:02:48.267 [main] INFO  org.example.logic.Operations - State: EXECUTE
2024-11-16 16:02:49.240 [milo-shared-thread-pool-2] INFO  org.example.logic.Operations - New value received for Current State: DataValue{value=Variant{value=6}, status=StatusCode{name=Good, value=0x00000000, quality=good}, sourceTime=DateTime{utcTime=133762429682163804, javaDate=Sat Nov 16 16:02:48 CET 2024}, serverTime=DateTime{utcTime=133762429682163804, javaDate=Sat Nov 16 16:02:48 CET 2024}}
2024-11-16 16:02:49.241 [milo-shared-thread-pool-2] INFO  org.example.logic.Operations - New value received for Produced Items: DataValue{value=Variant{value=22}, status=StatusCode{name=Good, value=0x00000000, quality=good}, sourceTime=DateTime{utcTime=133762429682216061, javaDate=Sat Nov 16 16:02:48 CET 2024}, serverTime=DateTime{utcTime=133762429682216061, javaDate=Sat Nov 16 16:02:48 CET 2024}}
2024-11-16 16:02:51.208 [milo-shared-thread-pool-3] INFO  org.example.logic.Operations - New value received for Produced Items: DataValue{value=Variant{value=23}, status=StatusCode{name=Good, value=0x00000000, quality=good}, sourceTime=DateTime{utcTime=133762429704257924, javaDate=Sat Nov 16 16:02:50 CET 2024}, serverTime=DateTime{utcTime=133762429704257924, javaDate=Sat Nov 16 16:02:50 CET 2024}}
2024-11-16 16:04:14.607 [main] INFO  o.e.m.opcua.sdk.client.OpcUaClient - Java version: 21.0.2
2024-11-16 16:04:14.628 [main] INFO  o.e.m.opcua.sdk.client.OpcUaClient - Eclipse Milo OPC UA Stack version: 0.6.14
2024-11-16 16:04:14.631 [main] INFO  o.e.m.opcua.sdk.client.OpcUaClient - Eclipse Milo OPC UA Client SDK version: 0.6.14
2024-11-16 16:04:16.171 [milo-nonce-util-secure-random] INFO  o.e.m.o.stack.core.util.NonceUtil - SecureRandom seeded in 0ms.
2024-11-16 16:04:16.277 [main] INFO  org.example.logic.Operations - Beertype is  IPA
2024-11-16 16:04:16.285 [main] INFO  org.example.logic.Operations - Amount is  100.0
2024-11-16 16:04:16.292 [main] INFO  org.example.logic.Operations - Speed: 0.0
2024-11-16 16:04:16.299 [main] INFO  org.example.logic.Operations - Batch ID: 0.0
2024-11-16 16:04:16.307 [main] INFO  org.example.logic.Operations - State: EXECUTE
2024-11-16 16:04:17.233 [milo-shared-thread-pool-1] INFO  org.example.logic.Operations - New value received for Current State: DataValue{value=Variant{value=6}, status=StatusCode{name=Good, value=0x00000000, quality=good}, sourceTime=DateTime{utcTime=133762430562320677, javaDate=Sat Nov 16 16:04:16 CET 2024}, serverTime=DateTime{utcTime=133762430562320677, javaDate=Sat Nov 16 16:04:16 CET 2024}}
2024-11-16 16:04:17.234 [milo-shared-thread-pool-1] INFO  org.example.logic.Operations - New value received for Produced Items: DataValue{value=Variant{value=24}, status=StatusCode{name=Good, value=0x00000000, quality=good}, sourceTime=DateTime{utcTime=133762430562370665, javaDate=Sat Nov 16 16:04:16 CET 2024}, serverTime=DateTime{utcTime=133762430562370665, javaDate=Sat Nov 16 16:04:16 CET 2024}}
2024-11-16 16:04:18.225 [milo-shared-thread-pool-1] INFO  org.example.logic.Operations - New value received for Produced Items: DataValue{value=Variant{value=25}, status=StatusCode{name=Good, value=0x00000000, quality=good}, sourceTime=DateTime{utcTime=133762430574732711, javaDate=Sat Nov 16 16:04:17 CET 2024}, serverTime=DateTime{utcTime=133762430574732711, javaDate=Sat Nov 16 16:04:17 CET 2024}}
2024-11-16 16:05:03.949 [main] INFO  o.e.m.opcua.sdk.client.OpcUaClient - Java version: 21.0.2
2024-11-16 16:05:03.974 [main] INFO  o.e.m.opcua.sdk.client.OpcUaClient - Eclipse Milo OPC UA Stack version: 0.6.14
2024-11-16 16:05:03.977 [main] INFO  o.e.m.opcua.sdk.client.OpcUaClient - Eclipse Milo OPC UA Client SDK version: 0.6.14
2024-11-16 16:05:06.513 [milo-nonce-util-secure-random] INFO  o.e.m.o.stack.core.util.NonceUtil - SecureRandom seeded in 0ms.
2024-11-16 16:05:06.961 [main] INFO  org.example.logic.Operations - Beertype is  IPA
2024-11-16 16:05:07.018 [main] INFO  org.example.logic.Operations - Amount is  100.0
2024-11-16 16:05:07.072 [main] INFO  org.example.logic.Operations - Speed: 0.0
2024-11-16 16:05:07.158 [main] INFO  org.example.logic.Operations - Batch ID: 0.0
2024-11-16 16:05:07.216 [main] INFO  org.example.logic.Operations - State: EXECUTE
2024-11-16 16:05:09.241 [milo-shared-thread-pool-0] INFO  org.example.logic.Operations - New value received for Current State: DataValue{value=Variant{value=6}, status=StatusCode{name=Good, value=0x00000000, quality=good}, sourceTime=DateTime{utcTime=133762431067576771, javaDate=Sat Nov 16 16:05:06 CET 2024}, serverTime=DateTime{utcTime=133762431067576771, javaDate=Sat Nov 16 16:05:06 CET 2024}}
2024-11-16 16:05:09.243 [milo-shared-thread-pool-0] INFO  org.example.logic.Operations - New value received for Produced Items: DataValue{value=Variant{value=26}, status=StatusCode{name=Good, value=0x00000000, quality=good}, sourceTime=DateTime{utcTime=133762431068534761, javaDate=Sat Nov 16 16:05:06 CET 2024}, serverTime=DateTime{utcTime=133762431068534761, javaDate=Sat Nov 16 16:05:06 CET 2024}}
2024-11-16 16:14:26.644 [main] INFO  o.e.m.opcua.sdk.client.OpcUaClient - Java version: 21.0.2
2024-11-16 16:14:26.676 [main] INFO  o.e.m.opcua.sdk.client.OpcUaClient - Eclipse Milo OPC UA Stack version: 0.6.14
2024-11-16 16:14:26.679 [main] INFO  o.e.m.opcua.sdk.client.OpcUaClient - Eclipse Milo OPC UA Client SDK version: 0.6.14
2024-11-16 16:14:28.261 [milo-nonce-util-secure-random] INFO  o.e.m.o.stack.core.util.NonceUtil - SecureRandom seeded in 0ms.
2024-11-16 16:14:28.446 [main] INFO  org.example.logic.Operations - Beertype is  IPA
2024-11-16 16:14:28.477 [main] INFO  org.example.logic.Operations - Amount is  100.0
2024-11-16 16:14:28.507 [main] INFO  org.example.logic.Operations - Speed: 0.0
2024-11-16 16:14:28.523 [main] INFO  org.example.logic.Operations - Batch ID: 0.0
2024-11-16 16:14:28.539 [main] INFO  org.example.logic.Operations - State: EXECUTE
2024-11-16 16:14:29.377 [milo-shared-thread-pool-1] INFO  org.example.logic.Operations - New value received for Current State: DataValue{value=Variant{value=6}, status=StatusCode{name=Good, value=0x00000000, quality=good}, sourceTime=DateTime{utcTime=133762436683730952, javaDate=Sat Nov 16 16:14:28 CET 2024}, serverTime=DateTime{utcTime=133762436683730952, javaDate=Sat Nov 16 16:14:28 CET 2024}}
2024-11-16 16:14:29.392 [milo-shared-thread-pool-1] INFO  org.example.logic.Operations - New value received for Produced Items: DataValue{value=Variant{value=39}, status=StatusCode{name=Good, value=0x00000000, quality=good}, sourceTime=DateTime{utcTime=133762436683971811, javaDate=Sat Nov 16 16:14:28 CET 2024}, serverTime=DateTime{utcTime=133762436683971811, javaDate=Sat Nov 16 16:14:28 CET 2024}}
2024-11-16 16:14:35.386 [milo-shared-thread-pool-2] INFO  org.example.logic.Operations - New value received for Produced Items: DataValue{value=Variant{value=40}, status=StatusCode{name=Good, value=0x00000000, quality=good}, sourceTime=DateTime{utcTime=133762436746070681, javaDate=Sat Nov 16 16:14:34 CET 2024}, serverTime=DateTime{utcTime=133762436746070681, javaDate=Sat Nov 16 16:14:34 CET 2024}}
2024-11-16 16:55:18.114 [main] ERROR org.example.logic.Operations - java.util.concurrent.ExecutionException: UaException: status=Bad_ConnectionRejected, message=io.netty.channel.AbstractChannel$AnnotatedConnectException: Connection refused: getsockopt: localhost/127.0.0.1:4840
2024-11-16 16:56:28.279 [main] INFO  o.e.m.opcua.sdk.client.OpcUaClient - Java version: 21.0.2
2024-11-16 16:56:28.340 [main] INFO  o.e.m.opcua.sdk.client.OpcUaClient - Eclipse Milo OPC UA Stack version: 0.6.14
2024-11-16 16:56:28.347 [main] INFO  o.e.m.opcua.sdk.client.OpcUaClient - Eclipse Milo OPC UA Client SDK version: 0.6.14
2024-11-16 16:56:31.557 [milo-nonce-util-secure-random] INFO  o.e.m.o.stack.core.util.NonceUtil - SecureRandom seeded in 0ms.
2024-11-16 16:56:31.683 [main] INFO  org.example.logic.Operations - Beertype is  IPA
2024-11-16 16:56:31.708 [main] INFO  org.example.logic.Operations - Amount is  100.0
2024-11-16 16:56:31.721 [main] INFO  org.example.logic.Operations - Speed: 0.0
2024-11-16 16:56:31.725 [main] INFO  org.example.logic.Operations - Batch ID: 0.0
2024-11-16 16:56:31.729 [main] INFO  org.example.logic.Operations - In Reset
2024-11-16 16:56:31.735 [main] INFO  org.example.logic.Operations - State: STOPPED
2024-11-16 16:56:31.737 [main] INFO  org.example.logic.Operations - State: STOPPED
2024-11-16 16:56:31.754 [main] INFO  org.example.logic.Operations - State: RESETTING
2024-11-16 16:56:31.877 [main] INFO  org.example.logic.Operations - State: IDLE
2024-11-16 16:56:32.646 [milo-shared-thread-pool-2] INFO  org.example.logic.Operations - New value received for Current State: DataValue{value=Variant{value=2}, status=StatusCode{name=Good, value=0x00000000, quality=good}, sourceTime=DateTime{utcTime=133762461916334576, javaDate=Sat Nov 16 16:56:31 CET 2024}, serverTime=DateTime{utcTime=133762461916334576, javaDate=Sat Nov 16 16:56:31 CET 2024}}
2024-11-16 16:56:32.647 [milo-shared-thread-pool-2] INFO  org.example.logic.Operations - New value received for Current State: DataValue{value=Variant{value=15}, status=StatusCode{name=Good, value=0x00000000, quality=good}, sourceTime=DateTime{utcTime=133762461917997259, javaDate=Sat Nov 16 16:56:31 CET 2024}, serverTime=DateTime{utcTime=133762461917997259, javaDate=Sat Nov 16 16:56:31 CET 2024}}
2024-11-16 16:56:32.649 [milo-shared-thread-pool-2] INFO  org.example.logic.Operations - New value received for Produced Items: DataValue{value=Variant{value=0}, status=StatusCode{name=Good, value=0x00000000, quality=good}, sourceTime=DateTime{utcTime=133762461916631744, javaDate=Sat Nov 16 16:56:31 CET 2024}, serverTime=DateTime{utcTime=133762461916631744, javaDate=Sat Nov 16 16:56:31 CET 2024}}
2024-11-16 16:56:33.619 [milo-shared-thread-pool-2] INFO  org.example.logic.Operations - New value received for Current State: DataValue{value=Variant{value=4}, status=StatusCode{name=Good, value=0x00000000, quality=good}, sourceTime=DateTime{utcTime=133762461927851591, javaDate=Sat Nov 16 16:56:32 CET 2024}, serverTime=DateTime{utcTime=133762461927851591, javaDate=Sat Nov 16 16:56:32 CET 2024}}
2024-11-16 16:57:31.816 [main] INFO  o.e.m.opcua.sdk.client.OpcUaClient - Java version: 21.0.2
2024-11-16 16:57:31.852 [main] INFO  o.e.m.opcua.sdk.client.OpcUaClient - Eclipse Milo OPC UA Stack version: 0.6.14
2024-11-16 16:57:31.857 [main] INFO  o.e.m.opcua.sdk.client.OpcUaClient - Eclipse Milo OPC UA Client SDK version: 0.6.14
2024-11-16 16:57:34.604 [milo-nonce-util-secure-random] INFO  o.e.m.o.stack.core.util.NonceUtil - SecureRandom seeded in 0ms.
2024-11-16 16:57:34.685 [main] INFO  org.example.logic.Operations - Beertype is  IPA
2024-11-16 16:57:34.693 [main] INFO  org.example.logic.Operations - Amount is  100.0
2024-11-16 16:57:34.701 [main] INFO  org.example.logic.Operations - Speed: 0.0
2024-11-16 16:57:34.708 [main] INFO  org.example.logic.Operations - Batch ID: 0.0
2024-11-16 16:57:34.718 [main] INFO  org.example.logic.Operations - State: IDLE
2024-11-16 16:57:34.737 [main] INFO  org.example.logic.Operations - State: EXECUTE
2024-11-16 16:57:48.462 [milo-shared-thread-pool-3] WARN  o.e.m.o.s.c.t.u.UascClientMessageHandler - No pending request with requestId=62 for ReadResponse
2024-11-16 16:57:48.464 [milo-shared-thread-pool-2] INFO  org.example.logic.Operations - New value received for Current State: DataValue{value=Variant{value=4}, status=StatusCode{name=Good, value=0x00000000, quality=good}, sourceTime=DateTime{utcTime=133762462546627964, javaDate=Sat Nov 16 16:57:34 CET 2024}, serverTime=DateTime{utcTime=133762462546627964, javaDate=Sat Nov 16 16:57:34 CET 2024}}
2024-11-16 16:57:48.465 [milo-shared-thread-pool-2] INFO  org.example.logic.Operations - New value received for Produced Items: DataValue{value=Variant{value=0}, status=StatusCode{name=Good, value=0x00000000, quality=good}, sourceTime=DateTime{utcTime=133762462546698032, javaDate=Sat Nov 16 16:57:34 CET 2024}, serverTime=DateTime{utcTime=133762462546698032, javaDate=Sat Nov 16 16:57:34 CET 2024}}
2024-11-16 16:57:53.331 [milo-shared-thread-pool-0] INFO  org.example.logic.Operations - New value received for Current State: DataValue{value=Variant{value=6}, status=StatusCode{name=Good, value=0x00000000, quality=good}, sourceTime=DateTime{utcTime=133762462684602029, javaDate=Sat Nov 16 16:57:48 CET 2024}, serverTime=DateTime{utcTime=133762462684602029, javaDate=Sat Nov 16 16:57:48 CET 2024}}
2024-11-16 16:58:18.317 [milo-shared-thread-pool-0] INFO  org.example.logic.Operations - New value received for Produced Items: DataValue{value=Variant{value=1}, status=StatusCode{name=Good, value=0x00000000, quality=good}, sourceTime=DateTime{utcTime=133762462973163504, javaDate=Sat Nov 16 16:58:17 CET 2024}, serverTime=DateTime{utcTime=133762462973163504, javaDate=Sat Nov 16 16:58:17 CET 2024}}
2024-11-16 17:21:03.698 [main] INFO  org.example.logic.Operations - Starting Program
2024-11-16 17:21:06.042 [main] INFO  o.e.m.opcua.sdk.client.OpcUaClient - Java version: 21.0.2
2024-11-16 17:21:06.045 [main] INFO  o.e.m.opcua.sdk.client.OpcUaClient - Eclipse Milo OPC UA Stack version: 0.6.14
2024-11-16 17:21:06.051 [main] INFO  o.e.m.opcua.sdk.client.OpcUaClient - Eclipse Milo OPC UA Client SDK version: 0.6.14
2024-11-16 17:21:09.506 [milo-nonce-util-secure-random] INFO  o.e.m.o.stack.core.util.NonceUtil - SecureRandom seeded in 0ms.
2024-11-16 17:21:09.743 [main] INFO  org.example.logic.Operations - Beertype is  IPA
2024-11-16 17:21:09.751 [main] INFO  org.example.logic.Operations - Amount is  100.0
2024-11-16 17:21:09.763 [main] INFO  org.example.logic.Operations - Speed: 0.0
2024-11-16 17:21:09.774 [main] INFO  org.example.logic.Operations - Batch ID: 0.0
2024-11-16 17:21:09.783 [main] INFO  org.example.logic.Operations - State: EXECUTE
2024-11-16 17:21:10.872 [milo-shared-thread-pool-2] INFO  org.example.logic.Operations - New value received for Current State: DataValue{value=Variant{value=6}, status=StatusCode{name=Good, value=0x00000000, quality=good}, sourceTime=DateTime{utcTime=133762476697167259, javaDate=Sat Nov 16 17:21:09 CET 2024}, serverTime=DateTime{utcTime=133762476697167259, javaDate=Sat Nov 16 17:21:09 CET 2024}}
2024-11-16 17:21:10.874 [milo-shared-thread-pool-2] INFO  org.example.logic.Operations - New value received for Produced Items: DataValue{value=Variant{value=34}, status=StatusCode{name=Good, value=0x00000000, quality=good}, sourceTime=DateTime{utcTime=133762476697242759, javaDate=Sat Nov 16 17:21:09 CET 2024}, serverTime=DateTime{utcTime=133762476697242759, javaDate=Sat Nov 16 17:21:09 CET 2024}}
